[2025-06-23 07:16:57,476] INFO main:195 - Running step: step03_store_vectors
[2025-06-23 07:16:57,477] INFO main:196 - Input file: ATMEGA2560.txt
[2025-06-23 07:16:57,477] INFO main:197 - Query: None
[2025-06-23 07:16:57,477] INFO main:198 - Config loaded from: config.json
[2025-06-23 07:16:57,478] INFO main:47 - Ensured directory exists: data\raw_input
[2025-06-23 07:16:57,479] INFO main:47 - Ensured directory exists: data\cleaned_text
[2025-06-23 07:16:57,479] INFO main:47 - Ensured directory exists: data\embeddings
[2025-06-23 07:16:57,480] INFO main:47 - Ensured directory exists: data\vectordb
[2025-06-23 07:16:57,490] INFO main:79 - [Step 03] Vector storage started.
[2025-06-23 07:16:57,490] INFO main:83 - Deleting existing vectordb
[2025-06-23 07:16:57,491] ERROR utilities:37 - Error deleting directory data/vectordb: [WinError 5] Access is denied: 'data/vectordb'
[2025-06-23 07:16:57,491] INFO embedding_loader:26 - 🔃 Starting vector store creation...
[2025-06-23 07:16:57,522] INFO posthog:22 - Anonymized telemetry enabled. See                     https://docs.trychroma.com/telemetry for more information.
[2025-06-23 07:16:57,587] DEBUG config:359 - Starting component System
[2025-06-23 07:16:57,588] DEBUG config:359 - Starting component Posthog
[2025-06-23 07:16:57,684] INFO SentenceTransformer:219 - Load pretrained SentenceTransformer: sentence-transformers/all-MiniLM-L6-v2
[2025-06-23 07:16:57,689] DEBUG connectionpool:1003 - Starting new HTTPS connection (1): huggingface.co:443
[2025-06-23 07:16:58,161] DEBUG connectionpool:1003 - Starting new HTTPS connection (1): us.i.posthog.com:443
[2025-06-23 07:16:58,316] DEBUG connectionpool:456 - https://huggingface.co:443 "HEAD /sentence-transformers/all-MiniLM-L6-v2/resolve/main/modules.json HTTP/1.1" 200 0
[2025-06-23 07:16:58,468] DEBUG connectionpool:456 - https://huggingface.co:443 "HEAD /sentence-transformers/all-MiniLM-L6-v2/resolve/main/config_sentence_transformers.json HTTP/1.1" 200 0
[2025-06-23 07:16:58,613] DEBUG connectionpool:456 - https://huggingface.co:443 "HEAD /sentence-transformers/all-MiniLM-L6-v2/resolve/main/README.md HTTP/1.1" 200 0
[2025-06-23 07:16:58,752] DEBUG connectionpool:456 - https://us.i.posthog.com:443 "POST /batch/ HTTP/1.1" 200 15
[2025-06-23 07:16:58,768] DEBUG connectionpool:456 - https://huggingface.co:443 "HEAD /sentence-transformers/all-MiniLM-L6-v2/resolve/main/modules.json HTTP/1.1" 200 0
[2025-06-23 07:16:58,927] DEBUG connectionpool:456 - https://huggingface.co:443 "HEAD /sentence-transformers/all-MiniLM-L6-v2/resolve/main/sentence_bert_config.json HTTP/1.1" 200 0
[2025-06-23 07:16:59,088] DEBUG connectionpool:456 - https://huggingface.co:443 "HEAD /sentence-transformers/all-MiniLM-L6-v2/resolve/main/adapter_config.json HTTP/1.1" 404 0
[2025-06-23 07:16:59,263] DEBUG connectionpool:456 - https://huggingface.co:443 "HEAD /sentence-transformers/all-MiniLM-L6-v2/resolve/main/config.json HTTP/1.1" 200 0
[2025-06-23 07:17:00,786] DEBUG connectionpool:456 - https://huggingface.co:443 "HEAD /sentence-transformers/all-MiniLM-L6-v2/resolve/main/tokenizer_config.json HTTP/1.1" 200 0
[2025-06-23 07:17:00,937] DEBUG connectionpool:456 - https://huggingface.co:443 "GET /api/models/sentence-transformers/all-MiniLM-L6-v2/tree/main/additional_chat_templates?recursive=False&expand=False HTTP/1.1" 404 64
[2025-06-23 07:17:01,138] DEBUG connectionpool:456 - https://huggingface.co:443 "GET /api/models/sentence-transformers/all-MiniLM-L6-v2/revision/main HTTP/1.1" 200 6863
[2025-06-23 07:17:01,303] DEBUG connectionpool:456 - https://huggingface.co:443 "GET /api/models/sentence-transformers/all-MiniLM-L6-v2 HTTP/1.1" 200 6863
[2025-06-23 07:17:01,406] INFO embedding_loader:71 - ✅ Added ATMEGA2560.txt to vector DB as doc_ATMEGA2560
[2025-06-23 07:17:01,406] INFO embedding_loader:73 - 📚 Vector storage completed.
[2025-06-23 07:17:01,406] INFO main:99 - [Step 03] Vector storage completed.
[2025-06-23 07:17:01,406] INFO main:216 - RAG pipeline done
[2025-06-23 07:17:01,968] DEBUG connectionpool:456 - https://us.i.posthog.com:443 "POST /batch/ HTTP/1.1" 200 15
