[2025-06-23 07:18:20,387] INFO main:195 - Running step: step04_retrieve_chunks
[2025-06-23 07:18:20,387] INFO main:196 - Input file: None
[2025-06-23 07:18:20,387] INFO main:197 - Query: What is the operating temperature of the ATMEGA2560?
[2025-06-23 07:18:20,388] INFO main:198 - Config loaded from: config.json
[2025-06-23 07:18:20,388] INFO main:47 - Ensured directory exists: data\raw_input
[2025-06-23 07:18:20,389] INFO main:47 - Ensured directory exists: data\cleaned_text
[2025-06-23 07:18:20,389] INFO main:47 - Ensured directory exists: data\embeddings
[2025-06-23 07:18:20,401] INFO main:47 - Ensured directory exists: data\vectordb
[2025-06-23 07:18:20,401] INFO main:102 - [Step 04] Chunk retrieval started.
[2025-06-23 07:18:20,435] INFO posthog:22 - Anonymized telemetry enabled. See                     https://docs.trychroma.com/telemetry for more information.
[2025-06-23 07:18:20,500] DEBUG config:359 - Starting component System
[2025-06-23 07:18:20,500] DEBUG config:359 - Starting component Posthog
[2025-06-23 07:18:20,544] INFO SentenceTransformer:219 - Load pretrained SentenceTransformer: sentence-transformers/all-MiniLM-L6-v2
[2025-06-23 07:18:20,547] DEBUG connectionpool:1003 - Starting new HTTPS connection (1): huggingface.co:443
[2025-06-23 07:18:20,985] DEBUG connectionpool:456 - https://huggingface.co:443 "HEAD /sentence-transformers/all-MiniLM-L6-v2/resolve/main/modules.json HTTP/1.1" 200 0
[2025-06-23 07:18:21,020] DEBUG connectionpool:1003 - Starting new HTTPS connection (1): us.i.posthog.com:443
[2025-06-23 07:18:21,186] DEBUG connectionpool:456 - https://huggingface.co:443 "HEAD /sentence-transformers/all-MiniLM-L6-v2/resolve/main/config_sentence_transformers.json HTTP/1.1" 200 0
[2025-06-23 07:18:21,384] DEBUG connectionpool:456 - https://huggingface.co:443 "HEAD /sentence-transformers/all-MiniLM-L6-v2/resolve/main/README.md HTTP/1.1" 200 0
[2025-06-23 07:18:21,519] DEBUG connectionpool:456 - https://us.i.posthog.com:443 "POST /batch/ HTTP/1.1" 200 15
[2025-06-23 07:18:21,529] DEBUG connectionpool:456 - https://huggingface.co:443 "HEAD /sentence-transformers/all-MiniLM-L6-v2/resolve/main/modules.json HTTP/1.1" 200 0
[2025-06-23 07:18:21,675] DEBUG connectionpool:456 - https://huggingface.co:443 "HEAD /sentence-transformers/all-MiniLM-L6-v2/resolve/main/sentence_bert_config.json HTTP/1.1" 200 0
[2025-06-23 07:18:21,826] DEBUG connectionpool:456 - https://huggingface.co:443 "HEAD /sentence-transformers/all-MiniLM-L6-v2/resolve/main/adapter_config.json HTTP/1.1" 404 0
[2025-06-23 07:18:21,974] DEBUG connectionpool:456 - https://huggingface.co:443 "HEAD /sentence-transformers/all-MiniLM-L6-v2/resolve/main/config.json HTTP/1.1" 200 0
[2025-06-23 07:18:23,540] DEBUG connectionpool:456 - https://huggingface.co:443 "HEAD /sentence-transformers/all-MiniLM-L6-v2/resolve/main/tokenizer_config.json HTTP/1.1" 200 0
[2025-06-23 07:18:23,707] DEBUG connectionpool:456 - https://huggingface.co:443 "GET /api/models/sentence-transformers/all-MiniLM-L6-v2/tree/main/additional_chat_templates?recursive=False&expand=False HTTP/1.1" 404 64
[2025-06-23 07:18:24,010] DEBUG connectionpool:456 - https://huggingface.co:443 "GET /api/models/sentence-transformers/all-MiniLM-L6-v2/revision/main HTTP/1.1" 200 6863
[2025-06-23 07:18:24,171] DEBUG connectionpool:456 - https://huggingface.co:443 "GET /api/models/sentence-transformers/all-MiniLM-L6-v2 HTTP/1.1" 200 6863
[2025-06-23 07:18:24,240] INFO chromadb_retriever:18 - 🔍 Querying ChromaDB with: What is the operating temperature of the ATMEGA2560?
[2025-06-23 07:18:24,383] DEBUG chromadb_retriever:34 - Accepted match: doc_ATMEGA2560 with score 2.5684
[2025-06-23 07:18:24,384] INFO chromadb_retriever:39 - Retrieved 1 relevant document(s) after filtering.
[2025-06-23 07:18:24,384] INFO main:124 - Result 1: ID=doc_ATMEGA2560, Score=2.5683774948120117, Source=ATMEGA2560.txt
[2025-06-23 07:18:24,457] INFO main:135 - [Step 04] Retrieval completed.
[2025-06-23 07:18:24,457] INFO main:216 - RAG pipeline done
[2025-06-23 07:18:24,728] DEBUG connectionpool:456 - https://us.i.posthog.com:443 "POST /batch/ HTTP/1.1" 200 15
